<?xml version="1.0" encoding="utf-8"?>
<rss version="2.0"><channel><title>Test title - Test Andersson</title><link>https://anders6899.github.io/sportsidan/</link><description></description><lastBuildDate>Sun, 05 Dec 2010 19:30:00 +0100</lastBuildDate><item><title>article-1-2-2</title><link>https://anders6899.github.io/sportsidan/article-1-2-2.html</link><description>&lt;p&gt;Short version for index and feeds&lt;/p&gt;</description><dc:creator xmlns:dc="http://purl.org/dc/elements/1.1/">Test Andersson</dc:creator><pubDate>Fri, 03 Dec 2010 10:20:00 +0100</pubDate><guid isPermaLink="false">tag:anders6899.github.io,2010-12-03:/sportsidan/article-1-2-2.html</guid><category>Ekonomi</category><category>pelican</category><category>ekonomi</category></item><item><title>hehj hopp</title><link>https://anders6899.github.io/sportsidan/hehj-hopp.html</link><description>&lt;p&gt;Short version for index and feeds&lt;/p&gt;</description><dc:creator xmlns:dc="http://purl.org/dc/elements/1.1/">Test Andersson</dc:creator><pubDate>Fri, 03 Dec 2010 10:20:00 +0100</pubDate><guid isPermaLink="false">tag:anders6899.github.io,2010-12-03:/sportsidan/hehj-hopp.html</guid><category>Ekonomi</category><category>pelican</category><category>ekonomi</category></item><item><title>Test</title><link>https://anders6899.github.io/sportsidan/test.html</link><description>&lt;p&gt;Short version for index and feeds&lt;/p&gt;</description><dc:creator xmlns:dc="http://purl.org/dc/elements/1.1/">Test Andersson</dc:creator><pubDate>Fri, 03 Dec 2010 10:20:00 +0100</pubDate><guid isPermaLink="false">tag:anders6899.github.io,2010-12-03:/sportsidan/test.html</guid><category>articles</category></item><item><title>Test title</title><link>https://anders6899.github.io/sportsidan/test-title.html</link><description>&lt;p&gt;Short version for index and feeds&lt;/p&gt;</description><dc:creator xmlns:dc="http://purl.org/dc/elements/1.1/">Test Andersson</dc:creator><pubDate>Fri, 03 Dec 2010 10:20:00 +0100</pubDate><guid isPermaLink="false">tag:anders6899.github.io,2010-12-03:/sportsidan/test-title.html</guid><category>articles</category></item></channel></rss>