<?xml version="1.0" encoding="utf-8"?>
<feed xmlns="http://www.w3.org/2005/Atom"><title>Sportsidan html title - Test Andersson</title><link href="https://anders6899.github.io/sportsidan/" rel="alternate"></link><link href="https://anders6899.github.io/sportsidan/feeds/test-andersson.atom.xml" rel="self"></link><id>https://anders6899.github.io/sportsidan/</id><updated>2010-12-05T19:30:00+01:00</updated><entry><title>New article</title><link href="https://anders6899.github.io/sportsidan/new-article.html" rel="alternate"></link><published>2010-12-03T10:20:00+01:00</published><updated>2010-12-05T19:30:00+01:00</updated><author><name>Test Andersson</name></author><id>tag:anders6899.github.io,2010-12-03:/sportsidan/new-article.html</id><summary type="html">&lt;p&gt;Short version for index and feeds&lt;/p&gt;</summary><content type="html">&lt;p&gt;This is the content of my super blog post.&lt;/p&gt;
&lt;p&gt;&lt;a href="http://vilhelmmartinsson.com/"&gt;Link text&lt;/a&gt;&lt;img alt="Image Description" src="https://nyc3.digitaloceanspaces.com/webbstream-bucket/images/6c8c994a-c63a-4b28-978e-761dfc5f7358.jpg?X-Amz-Algorithm=AWS4-HMAC-SHA256&amp;amp;X-Amz-Credential=DO00BU96JCCRJQZWK9GQ%2F20230601%2Fus-east-1%2Fs3%2Faws4_request&amp;amp;X-Amz-Date=20230601T141513Z&amp;amp;X-Amz-Expires=3600&amp;amp;X-Amz-SignedHeaders=host&amp;amp;X-Amz-Signature=878aafb11cd072e7f404fcb3cb7491fde8662708045bfe22ae092021276908d5"&gt;&lt;/p&gt;</content><category term="Ekonomi"></category><category term="pelican"></category><category term="ekonomi"></category></entry></feed>